<?xml version="1.0" encoding="UTF-8"?>
<testsuite xmlns:xsi="http://www.w3.org/2001/XMLSchema-instance" xsi:noNamespaceSchemaLocation="https://maven.apache.org/surefire/maven-surefire-plugin/xsd/surefire-test-report-3.0.xsd" version="3.0" name="com.cybage.alm.AppTest" time="0.188" tests="5" errors="0" skipped="0" failures="0">
  <properties>
[...]
</properties>
  <testcase name="testSum" classname="com.cybage.alm.AppTest" time="0.0"/>
  <testcase name="testMinus" classname="com.cybage.alm.AppTest" time="0.0"/>
  <testcase name="testDivide" classname="com.cybage.alm.AppTest" time="0.0"/>
  <testcase name="testMultiply" classname="com.cybage.alm.AppTest" time="0.016"/>
  <testcase name="testDivideWillThrowExceptionWhenDivideOnZero" classname="com.cybage.alm.AppTest" time="0.0"/>
</testsuite>